<?xml version="1.0" encoding="utf-8"?><test-results xmlns:xsi="http://www.w3.org/2001/XMLSchema-instance" xmlns:xsd="http://www.w3.org/2001/XMLSchema" name="Selenium Script Test" total="6" errors="2" failures="1" inconclusive="0" not-run="0" ignored="0" skipped="0" invalid="0" date="12-04-04" time="21-06-11"><environment nunit-version="" clr-version="v4.0.30319" os-version="Microsoft Windows NT 6.1.7601 Service Pack 1" platform="Win32NT" cwd="C:\Users\Michael\Documents\Projects\SeleniumScriptRunner\src\SeleniumScriptRunner\bin\Debug" machine-name="MTUTTY-VM" user="Michael" user-domain="mtutty-vm" /><culture-info current-culture="English (United States)" current-uiculture="English (United States)" /><test-suite type="Suite" name="Selenium Script Test" success="True" time="43.311" executed="True" result="Success"><results><test-suite type="TestFixture" name="iexplore;8;windows" success="True" time="43.311" executed="True" result="Success"><results><test-case name="MVC Basic"><properties><property name="SessionId" value="92201f347d5748ea9a1ba7f98ea0ebd8" /><property name="Link" value="http://saucelabs.com/jobs/92201f347d5748ea9a1ba7f98ea0ebd8" /></properties></test-case><test-case name="MVC-All Screens and Fields No Entry" time="14.130" executed="True" result="Failed"><properties><property name="SessionId" value="6c99f624b2494daf848fc29443574ff2" /><property name="Link" value="http://saucelabs.com/jobs/6c99f624b2494daf848fc29443574ff2" /></properties><failure><message>Exception has been thrown by the target of an invocation.</message><stack-trace>   at System.RuntimeMethodHandle._InvokeMethodFast(IRuntimeMethodInfo method, Object target, Object[] arguments, SignatureStruct&amp; sig, MethodAttributes methodAttributes, RuntimeType typeOwner)
   at System.RuntimeMethodHandle.InvokeMethodFast(IRuntimeMethodInfo method, Object target, Object[] arguments, Signature sig, MethodAttributes methodAttributes, RuntimeType typeOwner)
   at System.Reflection.RuntimeMethodInfo.Invoke(Object obj, BindingFlags invokeAttr, Binder binder, Object[] parameters, CultureInfo culture, Boolean skipVisibilityChecks)
   at System.Reflection.RuntimeMethodInfo.Invoke(Object obj, BindingFlags invokeAttr, Binder binder, Object[] parameters, CultureInfo culture)
   at System.Reflection.MethodBase.Invoke(Object obj, Object[] parameters)
   at SeleniumScriptRunner.Script.SeleniumWebDriverCommands.DoCommand(SeleniumScriptLine line, IWebDriver driver) in C:\Users\Michael\Documents\Projects\SeleniumScriptRunner\src\SeleniumScriptRunner\Script\SeleniumWebDriverCommands.cs:line 51</stack-trace></failure></test-case><test-case name="Helper Walkthrough" success="False" time="31.257" executed="True" asserts="6" result="Failed"><properties><property name="SessionId" value="684192543a3c4647a27af71711763f5f" /><property name="Link" value="http://saucelabs.com/jobs/684192543a3c4647a27af71711763f5f" /></properties><failure><message>Unable to find element with link text == Background Checks (WARNING: The server did not provide any stacktrace information); duration or timeout: 625 milliseconds
For documentation on this error, please visit: http://seleniumhq.org/exceptions/no_such_element.html
Build info: version: '2.6.0', revision: '13840', time: '2011-09-13 14:55:30'
System info: os.name: 'Windows XP', os.arch: 'x86', os.version: '5.1', java.version: '1.6.0_31'
Driver info: driver.version: EventFiringWebDriver</message><stack-trace>assertElementPresent, link=Background Checks, </stack-trace></failure></test-case><test-case name="Helper - W9 Walkthrough" time="28.651" executed="True" result="Failed"><properties><property name="SessionId" value="61264c419090490188dc6f1990492bd3" /><property name="Link" value="http://saucelabs.com/jobs/61264c419090490188dc6f1990492bd3" /></properties><failure><message>Exception has been thrown by the target of an invocation.</message><stack-trace>   at System.RuntimeMethodHandle._InvokeMethodFast(IRuntimeMethodInfo method, Object target, Object[] arguments, SignatureStruct&amp; sig, MethodAttributes methodAttributes, RuntimeType typeOwner)
   at System.RuntimeMethodHandle.InvokeMethodFast(IRuntimeMethodInfo method, Object target, Object[] arguments, Signature sig, MethodAttributes methodAttributes, RuntimeType typeOwner)
   at System.Reflection.RuntimeMethodInfo.Invoke(Object obj, BindingFlags invokeAttr, Binder binder, Object[] parameters, CultureInfo culture, Boolean skipVisibilityChecks)
   at System.Reflection.RuntimeMethodInfo.Invoke(Object obj, BindingFlags invokeAttr, Binder binder, Object[] parameters, CultureInfo culture)
   at System.Reflection.MethodBase.Invoke(Object obj, Object[] parameters)
   at SeleniumScriptRunner.Script.SeleniumWebDriverCommands.DoCommand(SeleniumScriptLine line, IWebDriver driver) in C:\Users\Michael\Documents\Projects\SeleniumScriptRunner\src\SeleniumScriptRunner\Script\SeleniumWebDriverCommands.cs:line 51</stack-trace></failure></test-case><test-case name="Hahdmin Logon and Report View" success="True" time="14.080" executed="True" asserts="3" result="Success"><properties><property name="SessionId" value="d06aa90e5fe54c33aba8a94c373504ab" /><property name="Link" value="http://saucelabs.com/jobs/d06aa90e5fe54c33aba8a94c373504ab" /></properties></test-case><test-case name="MVC - Contact Us Entry"><properties><property name="SessionId" value="0b131c0f4ef7484294cd08864d8ced69" /><property name="Link" value="http://saucelabs.com/jobs/0b131c0f4ef7484294cd08864d8ced69" /></properties></test-case></results></test-suite></results></test-suite></test-results>