<?xml version="1.0" encoding="utf-8"?><test-results xmlns:xsi="http://www.w3.org/2001/XMLSchema-instance" xmlns:xsd="http://www.w3.org/2001/XMLSchema" name="Selenium Script Test" total="1" errors="0" failures="1" inconclusive="0" not-run="0" ignored="0" skipped="0" invalid="0" date="12-04-06" time="10-32-11"><environment nunit-version="" clr-version="v4.0.30319" os-version="Microsoft Windows NT 6.1.7601 Service Pack 1" platform="Win32NT" cwd="C:\Users\Michael\Documents\Projects\SeleniumScriptRunner\src\SeleniumScriptRunner\bin\Debug" machine-name="MTUTTY-VM" user="Michael" user-domain="mtutty-vm" /><culture-info current-culture="English (United States)" current-uiculture="English (United States)" /><test-suite type="Suite" name="Selenium Script Test" success="False" time="40.420" executed="True" result="Failed"><results><test-suite type="TestFixture" name="iexplore;8;windows" success="False" time="40.410" executed="True" result="Failed"><results><test-case name="Helper Walkthrough" success="False" time="2.839" executed="True" asserts="2" result="Failed"><properties><property name="SessionId" value="7962da4932f845f7a38284d14725183b" /><property name="Link" value="http://saucelabs.com/jobs/7962da4932f845f7a38284d14725183b" /></properties><failure><message>Unable to find element with xpath == //a[@href="/Logout.aspx"] (WARNING: The server did not provide any stacktrace information)
Command duration or timeout: 391 milliseconds
For documentation on this error, please visit: http://seleniumhq.org/exceptions/no_such_element.html
Build info: version: '2.20.0', revision: '16008', time: '2012-02-27 19:03:04'
System info: os.name: 'Windows XP', os.arch: 'x86', os.version: '5.1', java.version: '1.6.0_31'
Driver info: driver.version: EventFiringWebDriver</message><stack-trace>assertElementPresent, xpath=//a[@href="/Logout.aspx"], </stack-trace></failure></test-case></results></test-suite></results></test-suite></test-results>